{"rule":"R010",
"args":[
	{"type":"date","name":"__LOG_TIMESTAMP","value":"01 06 17:50:47"},
	{"type":"string","name":"PC_NAME","value":"kebab-B360M-DS3H"},
	{"type":"string","name":"USB_NAME","value":"1-2"},
	{"type":"number","name":"DEVICE_NR","value":"3"},
	{"type":"string","name":"PROTOCOL","value":"xhci_hcd"}
]},
{"rule":"R010",
"args":[
	{"type":"date","name":"__LOG_TIMESTAMP","value":"01 06 17:50:51"},
	{"type":"string","name":"PC_NAME","value":"kebab-B360M-DS3H"},
	{"type":"string","name":"USB_NAME","value":"1-2"},
	{"type":"number","name":"DEVICE_NR","value":"3"},
	{"type":"string","name":"PROTOCOL","value":"xhci_hcd"}
]},
{"rule":"R010",
"args":[
	{"type":"date","name":"__LOG_TIMESTAMP","value":"01 06 17:50:54"},
	{"type":"string","name":"PC_NAME","value":"kebab-B360M-DS3H"},
	{"type":"string","name":"USB_NAME","value":"1-2"},
	{"type":"number","name":"DEVICE_NR","value":"3"},
	{"type":"string","name":"PROTOCOL","value":"xhci_hcd"}
]},
{"rule":"R007",
"args":[
	{"type":"date","name":"__LOG_TIMESTAMP","value":"01 06 17:50:56"},
	{"type":"string","name":"PC_NAME","value":"kebab-B360M-DS3H"},
	{"type":"string","name":"INTERFACE","value":"enp3s0"},
	{"type":"string","name":"ORIGINAL_STATE","value":"activated"},
	{"type":"string","name":"NEW_STATE","value":"deactivating"},
	{"type":"string","name":"REASON","value":"user-requested"},
	{"type":"string","name":"IFACE_STATE","value":"managed"}
]},
{"rule":"R008",
"args":[
	{"type":"date","name":"__LOG_TIMESTAMP","value":"01 06 17:50:56"},
	{"type":"string","name":"PC_NAME","value":"kebab-B360M-DS3H"},
	{"type":"string","name":"STATE","value":"DISCONNECTING"}
]},
{"rule":"R007",
"args":[
	{"type":"date","name":"__LOG_TIMESTAMP","value":"01 06 17:50:56"},
	{"type":"string","name":"PC_NAME","value":"kebab-B360M-DS3H"},
	{"type":"string","name":"INTERFACE","value":"enp3s0"},
	{"type":"string","name":"ORIGINAL_STATE","value":"deactivating"},
	{"type":"string","name":"NEW_STATE","value":"disconnected"},
	{"type":"string","name":"REASON","value":"user-requested"},
	{"type":"string","name":"IFACE_STATE","value":"managed"}
]},
{"rule":"R011",
"args":[
	{"type":"date","name":"__LOG_TIMESTAMP","value":"01 06 17:50:56"},
	{"type":"string","name":"PC_NAME","value":"kebab-B360M-DS3H"},
	{"type":"string","name":"ADDRESS","value":"fe80::de82:292:4968:4680"},
	{"type":"string","name":"INTERFACE","value":"enp3s0"}
]},
{"rule":"R001",
"args":[
	{"type":"date","name":"__LOG_TIMESTAMP","value":"01 06 17:50:56"},
	{"type":"string","name":"PC_NAME","value":"kebab-B360M-DS3H"},
	{"type":"string","name":"INTERFACE","value":"enp3s0"}
]},
{"rule":"R002",
"args":[
	{"type":"date","name":"__LOG_TIMESTAMP","value":"01 06 17:50:56"},
	{"type":"string","name":"PC_NAME","value":"kebab-B360M-DS3H"},
	{"type":"string","name":"INTERFACE","value":"enp3s0"},
	{"type":"string","name":"OLD_STATE","value":"bound"},
	{"type":"string","name":"NEW_STATE","value":"done"}
]},
{"rule":"R011",
"args":[
	{"type":"date","name":"__LOG_TIMESTAMP","value":"01 06 17:50:56"},
	{"type":"string","name":"PC_NAME","value":"kebab-B360M-DS3H"},
	{"type":"string","name":"ADDRESS","value":"192.168.100.15"},
	{"type":"string","name":"INTERFACE","value":"enp3s0"}
]},
{"rule":"R008",
"args":[
	{"type":"date","name":"__LOG_TIMESTAMP","value":"01 06 17:50:56"},
	{"type":"string","name":"PC_NAME","value":"kebab-B360M-DS3H"},
	{"type":"string","name":"STATE","value":"DISCONNECTED"}
]},
{"rule":"R005",
"args":[
	{"type":"date","name":"__LOG_TIMESTAMP","value":"01 06 17:50:58"},
	{"type":"string","name":"PC_NAME","value":"kebab-B360M-DS3H"},
	{"type":"string","name":"INTERFACE","value":"enp3s0"},
	{"type":"string","name":"CONN_NAME","value":"Wired connection 1"},
	{"type":"string","name":"ID","value":"b3cca343-ac7d-3b33-9063-83b7b83affdc"}
]},
{"rule":"R007",
"args":[
	{"type":"date","name":"__LOG_TIMESTAMP","value":"01 06 17:50:58"},
	{"type":"string","name":"PC_NAME","value":"kebab-B360M-DS3H"},
	{"type":"string","name":"INTERFACE","value":"enp3s0"},
	{"type":"string","name":"ORIGINAL_STATE","value":"disconnected"},
	{"type":"string","name":"NEW_STATE","value":"prepare"},
	{"type":"string","name":"REASON","value":"none"},
	{"type":"string","name":"IFACE_STATE","value":"managed"}
]},
{"rule":"R008",
"args":[
	{"type":"date","name":"__LOG_TIMESTAMP","value":"01 06 17:50:58"},
	{"type":"string","name":"PC_NAME","value":"kebab-B360M-DS3H"},
	{"type":"string","name":"STATE","value":"CONNECTING"}
]},
{"rule":"R007",
"args":[
	{"type":"date","name":"__LOG_TIMESTAMP","value":"01 06 17:50:58"},
	{"type":"string","name":"PC_NAME","value":"kebab-B360M-DS3H"},
	{"type":"string","name":"INTERFACE","value":"enp3s0"},
	{"type":"string","name":"ORIGINAL_STATE","value":"prepare"},
	{"type":"string","name":"NEW_STATE","value":"config"},
	{"type":"string","name":"REASON","value":"none"},
	{"type":"string","name":"IFACE_STATE","value":"managed"}
]},
{"rule":"R007",
"args":[
	{"type":"date","name":"__LOG_TIMESTAMP","value":"01 06 17:50:58"},
	{"type":"string","name":"PC_NAME","value":"kebab-B360M-DS3H"},
	{"type":"string","name":"INTERFACE","value":"enp3s0"},
	{"type":"string","name":"ORIGINAL_STATE","value":"config"},
	{"type":"string","name":"NEW_STATE","value":"ip-config"},
	{"type":"string","name":"REASON","value":"none"},
	{"type":"string","name":"IFACE_STATE","value":"managed"}
]},
{"rule":"R004",
"args":[
	{"type":"date","name":"__LOG_TIMESTAMP","value":"01 06 17:50:58"},
	{"type":"string","name":"PC_NAME","value":"kebab-B360M-DS3H"},
	{"type":"string","name":"INTERFACE","value":"enp3s0"}
]},
{"rule":"R003",
"args":[
	{"type":"date","name":"__LOG_TIMESTAMP","value":"01 06 17:50:58"},
	{"type":"string","name":"PC_NAME","value":"kebab-B360M-DS3H"},
	{"type":"string","name":"INTERFACE","value":"enp3s0"},
	{"type":"string","name":"OPTION","value":"dhcp_lease_time"},
	{"type":"string","name":"OPTION_VALUE","value":"259200"}
]},
{"rule":"R003",
"args":[
	{"type":"date","name":"__LOG_TIMESTAMP","value":"01 06 17:50:58"},
	{"type":"string","name":"PC_NAME","value":"kebab-B360M-DS3H"},
	{"type":"string","name":"INTERFACE","value":"enp3s0"},
	{"type":"string","name":"OPTION","value":"domain_name_servers"},
	{"type":"string","name":"OPTION_VALUE","value":"192.168.100.1"}
]},
{"rule":"R003",
"args":[
	{"type":"date","name":"__LOG_TIMESTAMP","value":"01 06 17:50:58"},
	{"type":"string","name":"PC_NAME","value":"kebab-B360M-DS3H"},
	{"type":"string","name":"INTERFACE","value":"enp3s0"},
	{"type":"string","name":"OPTION","value":"expiry"},
	{"type":"string","name":"OPTION_VALUE","value":"1673279458"}
]},
{"rule":"R003",
"args":[
	{"type":"date","name":"__LOG_TIMESTAMP","value":"01 06 17:50:58"},
	{"type":"string","name":"PC_NAME","value":"kebab-B360M-DS3H"},
	{"type":"string","name":"INTERFACE","value":"enp3s0"},
	{"type":"string","name":"OPTION","value":"ip_address"},
	{"type":"string","name":"OPTION_VALUE","value":"192.168.100.15"}
]},
{"rule":"R003",
"args":[
	{"type":"date","name":"__LOG_TIMESTAMP","value":"01 06 17:50:58"},
	{"type":"string","name":"PC_NAME","value":"kebab-B360M-DS3H"},
	{"type":"string","name":"INTERFACE","value":"enp3s0"},
	{"type":"string","name":"OPTION","value":"requested_broadcast_address"},
	{"type":"string","name":"OPTION_VALUE","value":"1"}
]},
{"rule":"R003",
"args":[
	{"type":"date","name":"__LOG_TIMESTAMP","value":"01 06 17:50:58"},
	{"type":"string","name":"PC_NAME","value":"kebab-B360M-DS3H"},
	{"type":"string","name":"INTERFACE","value":"enp3s0"},
	{"type":"string","name":"OPTION","value":"requested_domain_name"},
	{"type":"string","name":"OPTION_VALUE","value":"1"}
]},
{"rule":"R003",
"args":[
	{"type":"date","name":"__LOG_TIMESTAMP","value":"01 06 17:50:58"},
	{"type":"string","name":"PC_NAME","value":"kebab-B360M-DS3H"},
	{"type":"string","name":"INTERFACE","value":"enp3s0"},
	{"type":"string","name":"OPTION","value":"requested_domain_name_servers"},
	{"type":"string","name":"OPTION_VALUE","value":"1"}
]},
{"rule":"R003",
"args":[
	{"type":"date","name":"__LOG_TIMESTAMP","value":"01 06 17:50:58"},
	{"type":"string","name":"PC_NAME","value":"kebab-B360M-DS3H"},
	{"type":"string","name":"INTERFACE","value":"enp3s0"},
	{"type":"string","name":"OPTION","value":"requested_domain_search"},
	{"type":"string","name":"OPTION_VALUE","value":"1"}
]},
{"rule":"R003",
"args":[
	{"type":"date","name":"__LOG_TIMESTAMP","value":"01 06 17:50:58"},
	{"type":"string","name":"PC_NAME","value":"kebab-B360M-DS3H"},
	{"type":"string","name":"INTERFACE","value":"enp3s0"},
	{"type":"string","name":"OPTION","value":"requested_host_name"},
	{"type":"string","name":"OPTION_VALUE","value":"1"}
]},
{"rule":"R003",
"args":[
	{"type":"date","name":"__LOG_TIMESTAMP","value":"01 06 17:50:58"},
	{"type":"string","name":"PC_NAME","value":"kebab-B360M-DS3H"},
	{"type":"string","name":"INTERFACE","value":"enp3s0"},
	{"type":"string","name":"OPTION","value":"requested_interface_mtu"},
	{"type":"string","name":"OPTION_VALUE","value":"1"}
]},
{"rule":"R003",
"args":[
	{"type":"date","name":"__LOG_TIMESTAMP","value":"01 06 17:50:58"},
	{"type":"string","name":"PC_NAME","value":"kebab-B360M-DS3H"},
	{"type":"string","name":"INTERFACE","value":"enp3s0"},
	{"type":"string","name":"OPTION","value":"requested_ms_classless_static_routes"},
	{"type":"string","name":"OPTION_VALUE","value":"1"}
]},
{"rule":"R003",
"args":[
	{"type":"date","name":"__LOG_TIMESTAMP","value":"01 06 17:50:58"},
	{"type":"string","name":"PC_NAME","value":"kebab-B360M-DS3H"},
	{"type":"string","name":"INTERFACE","value":"enp3s0"},
	{"type":"string","name":"OPTION","value":"requested_nis_domain"},
	{"type":"string","name":"OPTION_VALUE","value":"1"}
]},
{"rule":"R003",
"args":[
	{"type":"date","name":"__LOG_TIMESTAMP","value":"01 06 17:50:58"},
	{"type":"string","name":"PC_NAME","value":"kebab-B360M-DS3H"},
	{"type":"string","name":"INTERFACE","value":"enp3s0"},
	{"type":"string","name":"OPTION","value":"requested_nis_servers"},
	{"type":"string","name":"OPTION_VALUE","value":"1"}
]},
{"rule":"R003",
"args":[
	{"type":"date","name":"__LOG_TIMESTAMP","value":"01 06 17:50:58"},
	{"type":"string","name":"PC_NAME","value":"kebab-B360M-DS3H"},
	{"type":"string","name":"INTERFACE","value":"enp3s0"},
	{"type":"string","name":"OPTION","value":"requested_ntp_servers"},
	{"type":"string","name":"OPTION_VALUE","value":"1"}
]},
{"rule":"R003",
"args":[
	{"type":"date","name":"__LOG_TIMESTAMP","value":"01 06 17:50:58"},
	{"type":"string","name":"PC_NAME","value":"kebab-B360M-DS3H"},
	{"type":"string","name":"INTERFACE","value":"enp3s0"},
	{"type":"string","name":"OPTION","value":"requested_rfc3442_classless_static_routes"},
	{"type":"string","name":"OPTION_VALUE","value":"1"}
]},
{"rule":"R003",
"args":[
	{"type":"date","name":"__LOG_TIMESTAMP","value":"01 06 17:50:58"},
	{"type":"string","name":"PC_NAME","value":"kebab-B360M-DS3H"},
	{"type":"string","name":"INTERFACE","value":"enp3s0"},
	{"type":"string","name":"OPTION","value":"requested_root_path"},
	{"type":"string","name":"OPTION_VALUE","value":"1"}
]},
{"rule":"R003",
"args":[
	{"type":"date","name":"__LOG_TIMESTAMP","value":"01 06 17:50:58"},
	{"type":"string","name":"PC_NAME","value":"kebab-B360M-DS3H"},
	{"type":"string","name":"INTERFACE","value":"enp3s0"},
	{"type":"string","name":"OPTION","value":"requested_routers"},
	{"type":"string","name":"OPTION_VALUE","value":"1"}
]},
{"rule":"R003",
"args":[
	{"type":"date","name":"__LOG_TIMESTAMP","value":"01 06 17:50:58"},
	{"type":"string","name":"PC_NAME","value":"kebab-B360M-DS3H"},
	{"type":"string","name":"INTERFACE","value":"enp3s0"},
	{"type":"string","name":"OPTION","value":"requested_static_routes"},
	{"type":"string","name":"OPTION_VALUE","value":"1"}
]},
{"rule":"R003",
"args":[
	{"type":"date","name":"__LOG_TIMESTAMP","value":"01 06 17:50:58"},
	{"type":"string","name":"PC_NAME","value":"kebab-B360M-DS3H"},
	{"type":"string","name":"INTERFACE","value":"enp3s0"},
	{"type":"string","name":"OPTION","value":"requested_subnet_mask"},
	{"type":"string","name":"OPTION_VALUE","value":"1"}
]},
{"rule":"R003",
"args":[
	{"type":"date","name":"__LOG_TIMESTAMP","value":"01 06 17:50:58"},
	{"type":"string","name":"PC_NAME","value":"kebab-B360M-DS3H"},
	{"type":"string","name":"INTERFACE","value":"enp3s0"},
	{"type":"string","name":"OPTION","value":"requested_time_offset"},
	{"type":"string","name":"OPTION_VALUE","value":"1"}
]},
{"rule":"R003",
"args":[
	{"type":"date","name":"__LOG_TIMESTAMP","value":"01 06 17:50:58"},
	{"type":"string","name":"PC_NAME","value":"kebab-B360M-DS3H"},
	{"type":"string","name":"INTERFACE","value":"enp3s0"},
	{"type":"string","name":"OPTION","value":"requested_wpad"},
	{"type":"string","name":"OPTION_VALUE","value":"1"}
]},
{"rule":"R003",
"args":[
	{"type":"date","name":"__LOG_TIMESTAMP","value":"01 06 17:50:58"},
	{"type":"string","name":"PC_NAME","value":"kebab-B360M-DS3H"},
	{"type":"string","name":"INTERFACE","value":"enp3s0"},
	{"type":"string","name":"OPTION","value":"routers"},
	{"type":"string","name":"OPTION_VALUE","value":"192.168.100.1"}
]},
{"rule":"R003",
"args":[
	{"type":"date","name":"__LOG_TIMESTAMP","value":"01 06 17:50:58"},
	{"type":"string","name":"PC_NAME","value":"kebab-B360M-DS3H"},
	{"type":"string","name":"INTERFACE","value":"enp3s0"},
	{"type":"string","name":"OPTION","value":"subnet_mask"},
	{"type":"string","name":"OPTION_VALUE","value":"255.255.255.0"}
]},
{"rule":"R002",
"args":[
	{"type":"date","name":"__LOG_TIMESTAMP","value":"01 06 17:50:58"},
	{"type":"string","name":"PC_NAME","value":"kebab-B360M-DS3H"},
	{"type":"string","name":"INTERFACE","value":"enp3s0"},
	{"type":"string","name":"OLD_STATE","value":"unknown"},
	{"type":"string","name":"NEW_STATE","value":"bound"}
]},
{"rule":"R007",
"args":[
	{"type":"date","name":"__LOG_TIMESTAMP","value":"01 06 17:50:58"},
	{"type":"string","name":"PC_NAME","value":"kebab-B360M-DS3H"},
	{"type":"string","name":"INTERFACE","value":"enp3s0"},
	{"type":"string","name":"ORIGINAL_STATE","value":"ip-config"},
	{"type":"string","name":"NEW_STATE","value":"ip-check"},
	{"type":"string","name":"REASON","value":"none"},
	{"type":"string","name":"IFACE_STATE","value":"managed"}
]},
{"rule":"R007",
"args":[
	{"type":"date","name":"__LOG_TIMESTAMP","value":"01 06 17:50:58"},
	{"type":"string","name":"PC_NAME","value":"kebab-B360M-DS3H"},
	{"type":"string","name":"INTERFACE","value":"enp3s0"},
	{"type":"string","name":"ORIGINAL_STATE","value":"ip-check"},
	{"type":"string","name":"NEW_STATE","value":"secondaries"},
	{"type":"string","name":"REASON","value":"none"},
	{"type":"string","name":"IFACE_STATE","value":"managed"}
]},
{"rule":"R007",
"args":[
	{"type":"date","name":"__LOG_TIMESTAMP","value":"01 06 17:50:58"},
	{"type":"string","name":"PC_NAME","value":"kebab-B360M-DS3H"},
	{"type":"string","name":"INTERFACE","value":"enp3s0"},
	{"type":"string","name":"ORIGINAL_STATE","value":"secondaries"},
	{"type":"string","name":"NEW_STATE","value":"activated"},
	{"type":"string","name":"REASON","value":"none"},
	{"type":"string","name":"IFACE_STATE","value":"managed"}
]},
{"rule":"R008",
"args":[
	{"type":"date","name":"__LOG_TIMESTAMP","value":"01 06 17:50:58"},
	{"type":"string","name":"PC_NAME","value":"kebab-B360M-DS3H"},
	{"type":"string","name":"STATE","value":"CONNECTED_LOCAL"}
]},
{"rule":"R008",
"args":[
	{"type":"date","name":"__LOG_TIMESTAMP","value":"01 06 17:50:58"},
	{"type":"string","name":"PC_NAME","value":"kebab-B360M-DS3H"},
	{"type":"string","name":"STATE","value":"CONNECTED_SITE"}
]},
{"rule":"R009",
"args":[
	{"type":"date","name":"__LOG_TIMESTAMP","value":"01 06 17:50:58"},
	{"type":"string","name":"PC_NAME","value":"kebab-B360M-DS3H"},
	{"type":"string","name":"NAME","value":"Wired connection 1"},
	{"type":"string","name":"INTERFACE","value":"enp3s0"},
	{"type":"string","name":"PROTOCOLS","value":"IPv4 routing and DNS"}
]},
{"rule":"R006",
"args":[
	{"type":"date","name":"__LOG_TIMESTAMP","value":"01 06 17:50:58"},
	{"type":"string","name":"PC_NAME","value":"kebab-B360M-DS3H"},
	{"type":"string","name":"INTERFACE","value":"enp3s0"}
]},
{"rule":"R008",
"args":[
	{"type":"date","name":"__LOG_TIMESTAMP","value":"01 06 17:50:58"},
	{"type":"string","name":"PC_NAME","value":"kebab-B360M-DS3H"},
	{"type":"string","name":"STATE","value":"CONNECTED_GLOBAL"}
]},
{"rule":"R010",
"args":[
	{"type":"date","name":"__LOG_TIMESTAMP","value":"01 06 17:50:58"},
	{"type":"string","name":"PC_NAME","value":"kebab-B360M-DS3H"},
	{"type":"string","name":"USB_NAME","value":"1-2"},
	{"type":"number","name":"DEVICE_NR","value":"3"},
	{"type":"string","name":"PROTOCOL","value":"xhci_hcd"}
]},
{"rule":"R010",
"args":[
	{"type":"date","name":"__LOG_TIMESTAMP","value":"01 06 17:51:02"},
	{"type":"string","name":"PC_NAME","value":"kebab-B360M-DS3H"},
	{"type":"string","name":"USB_NAME","value":"1-2"},
	{"type":"number","name":"DEVICE_NR","value":"3"},
	{"type":"string","name":"PROTOCOL","value":"xhci_hcd"}
]},
{"rule":"R010",
"args":[
	{"type":"date","name":"__LOG_TIMESTAMP","value":"01 06 17:51:05"},
	{"type":"string","name":"PC_NAME","value":"kebab-B360M-DS3H"},
	{"type":"string","name":"USB_NAME","value":"1-2"},
	{"type":"number","name":"DEVICE_NR","value":"3"},
	{"type":"string","name":"PROTOCOL","value":"xhci_hcd"}
]},
{"rule":"R010",
"args":[
	{"type":"date","name":"__LOG_TIMESTAMP","value":"01 06 17:51:09"},
	{"type":"string","name":"PC_NAME","value":"kebab-B360M-DS3H"},
	{"type":"string","name":"USB_NAME","value":"1-2"},
	{"type":"number","name":"DEVICE_NR","value":"3"},
	{"type":"string","name":"PROTOCOL","value":"xhci_hcd"}
]},
{"rule":"R010",
"args":[
	{"type":"date","name":"__LOG_TIMESTAMP","value":"01 06 17:51:13"},
	{"type":"string","name":"PC_NAME","value":"kebab-B360M-DS3H"},
	{"type":"string","name":"USB_NAME","value":"1-2"},
	{"type":"number","name":"DEVICE_NR","value":"3"},
	{"type":"string","name":"PROTOCOL","value":"xhci_hcd"}
]},
{"rule":"R010",
"args":[
	{"type":"date","name":"__LOG_TIMESTAMP","value":"01 06 17:51:16"},
	{"type":"string","name":"PC_NAME","value":"kebab-B360M-DS3H"},
	{"type":"string","name":"USB_NAME","value":"1-2"},
	{"type":"number","name":"DEVICE_NR","value":"3"},
	{"type":"string","name":"PROTOCOL","value":"xhci_hcd"}
]},
{"rule":"R010",
"args":[
	{"type":"date","name":"__LOG_TIMESTAMP","value":"01 06 17:51:20"},
	{"type":"string","name":"PC_NAME","value":"kebab-B360M-DS3H"},
	{"type":"string","name":"USB_NAME","value":"1-2"},
	{"type":"number","name":"DEVICE_NR","value":"3"},
	{"type":"string","name":"PROTOCOL","value":"xhci_hcd"}
]},
{"rule":"R010",
"args":[
	{"type":"date","name":"__LOG_TIMESTAMP","value":"01 06 17:51:23"},
	{"type":"string","name":"PC_NAME","value":"kebab-B360M-DS3H"},
	{"type":"string","name":"USB_NAME","value":"1-2"},
	{"type":"number","name":"DEVICE_NR","value":"3"},
	{"type":"string","name":"PROTOCOL","value":"xhci_hcd"}
]},
{"rule":"R010",
"args":[
	{"type":"date","name":"__LOG_TIMESTAMP","value":"01 06 17:51:27"},
	{"type":"string","name":"PC_NAME","value":"kebab-B360M-DS3H"},
	{"type":"string","name":"USB_NAME","value":"1-2"},
	{"type":"number","name":"DEVICE_NR","value":"3"},
	{"type":"string","name":"PROTOCOL","value":"xhci_hcd"}
]},
{"rule":"R010",
"args":[
	{"type":"date","name":"__LOG_TIMESTAMP","value":"01 06 17:51:31"},
	{"type":"string","name":"PC_NAME","value":"kebab-B360M-DS3H"},
	{"type":"string","name":"USB_NAME","value":"1-2"},
	{"type":"number","name":"DEVICE_NR","value":"3"},
	{"type":"string","name":"PROTOCOL","value":"xhci_hcd"}
]},
{"rule":"R010",
"args":[
	{"type":"date","name":"__LOG_TIMESTAMP","value":"01 06 17:51:34"},
	{"type":"string","name":"PC_NAME","value":"kebab-B360M-DS3H"},
	{"type":"string","name":"USB_NAME","value":"1-2"},
	{"type":"number","name":"DEVICE_NR","value":"3"},
	{"type":"string","name":"PROTOCOL","value":"xhci_hcd"}
]},
{"rule":"R010",
"args":[
	{"type":"date","name":"__LOG_TIMESTAMP","value":"01 06 17:51:38"},
	{"type":"string","name":"PC_NAME","value":"kebab-B360M-DS3H"},
	{"type":"string","name":"USB_NAME","value":"1-2"},
	{"type":"number","name":"DEVICE_NR","value":"3"},
	{"type":"string","name":"PROTOCOL","value":"xhci_hcd"}
]}