Dec  4 15:26:34 kebab-B360M-DS3H kernel: [ 4977.499437] usb 1-2: reset high-speed USB device number 3 using xhci_hcd
Dec  4 15:26:38 kebab-B360M-DS3H kernel: [ 4981.115394] usb 1-2: reset high-speed USB device number 3 using xhci_hcd
Dec  4 15:26:41 kebab-B360M-DS3H kernel: [ 4984.731388] usb 1-2: reset high-speed USB device number 3 using xhci_hcd
Dec  4 15:26:45 kebab-B360M-DS3H kernel: [ 4988.343468] usb 1-2: reset high-speed USB device number 3 using xhci_hcd
Dec  4 15:26:48 kebab-B360M-DS3H kernel: [ 4991.959495] usb 1-2: reset high-speed USB device number 3 using xhci_hcd
Dec  4 15:26:52 kebab-B360M-DS3H kernel: [ 4995.571483] usb 1-2: reset high-speed USB device number 3 using xhci_hcd
Dec  4 15:26:56 kebab-B360M-DS3H kernel: [ 4999.187473] usb 1-2: reset high-speed USB device number 3 using xhci_hcd
Dec  4 15:26:59 kebab-B360M-DS3H kernel: [ 5002.799534] usb 1-2: reset high-speed USB device number 3 using xhci_hcd
Dec  4 15:27:03 kebab-B360M-DS3H kernel: [ 5006.411561] usb 1-2: reset high-speed USB device number 3 using xhci_hcd
Dec  4 15:27:06 kebab-B360M-DS3H kernel: [ 5010.023500] usb 1-2: reset high-speed USB device number 3 using xhci_hcd
Dec  4 15:27:10 kebab-B360M-DS3H kernel: [ 5013.639540] usb 1-2: reset high-speed USB device number 3 using xhci_hcd
Dec  4 15:27:10 kebab-B360M-DS3H dbus-daemon[778]: [system] Activating via systemd: service name='org.freedesktop.hostname1' unit='dbus-org.freedesktop.hostname1.service' requested by ':1.134' (uid=1000 pid=9559 comm="gnome-screenshot " label="unconfined")
Dec  4 15:27:10 kebab-B360M-DS3H systemd[1]: Starting Hostname Service...
Dec  4 15:27:10 kebab-B360M-DS3H dbus-daemon[778]: [system] Successfully activated service 'org.freedesktop.hostname1'
Dec  4 15:27:10 kebab-B360M-DS3H systemd[1]: Started Hostname Service.
Dec  4 15:27:14 kebab-B360M-DS3H kernel: [ 5017.255609] usb 1-2: reset high-speed USB device number 3 using xhci_hcd
Dec  4 15:27:17 kebab-B360M-DS3H kernel: [ 5020.871618] usb 1-2: reset high-speed USB device number 3 using xhci_hcd
Dec  4 15:27:21 kebab-B360M-DS3H kernel: [ 5024.491589] usb 1-2: reset high-speed USB device number 3 using xhci_hcd
Dec  4 15:27:25 kebab-B360M-DS3H kernel: [ 5028.107660] usb 1-2: reset high-speed USB device number 3 using xhci_hcd
Dec  4 15:27:28 kebab-B360M-DS3H kernel: [ 5031.719638] usb 1-2: reset high-speed USB device number 3 using xhci_hcd
